/*C1*/SET SCHEMA SYSTEM_LOBS
INSERT INTO BLOCKS VALUES(0,2147483647,0)
COMMIT
/*C2*/SET SCHEMA PUBLIC
drop table if exists tgroup CASCADE 
drop table if exists tperson CASCADE 
drop table if exists txuser CASCADE 
drop table if exists xuser_roles CASCADE 
drop sequence hibernate_sequence if exists
create sequence hibernate_sequence start with 1 increment by 1
create table tgroup (id bigint not null, name varchar(200) not null, version bigint not null, primary key (id))
create table tperson (id bigint not null, birth_day date not null, first_name varchar(200) not null, last_name varchar(200) not null, mail varchar(200), password varchar(200) not null, version bigint not null, web varchar(200), pgroup bigint, primary key (id))
create table txuser (user_name varchar(200) not null, id bigint, password varchar(200) not null, version bigint not null, primary key (user_name))
create table xuser_roles (xuser_user_name varchar(200) not null, roles varchar(255) not null, primary key (xuser_user_name, roles))
alter table txuser add constraint UK4hwg7st94y3xef6irkxxgstaa unique (id)
alter table tperson add constraint FKblqrknwh0809nq5p0k4hfdquk foreign key (pgroup) references tgroup
alter table xuser_roles add constraint FKe51r7vvh7ots1b624a1q9p5in foreign key (xuser_user_name) references txuser
INSERT INTO TGROUP VALUES(1,'Group 1',0)
ALTER SEQUENCE PUBLIC.HIBERNATE_SEQUENCE RESTART WITH 2
COMMIT
INSERT INTO TGROUP VALUES(2,'Group 2',0)
ALTER SEQUENCE PUBLIC.HIBERNATE_SEQUENCE RESTART WITH 3
COMMIT
INSERT INTO TGROUP VALUES(3,'Group 3',0)
ALTER SEQUENCE PUBLIC.HIBERNATE_SEQUENCE RESTART WITH 4
COMMIT
INSERT INTO TGROUP VALUES(4,'Group 4',0)
ALTER SEQUENCE PUBLIC.HIBERNATE_SEQUENCE RESTART WITH 5
COMMIT
INSERT INTO TPERSON VALUES(5,'1999-03-27','Lo\u00efc','Fery','LoicFery@email.com','password',0,'',3)
ALTER SEQUENCE PUBLIC.HIBERNATE_SEQUENCE RESTART WITH 6
COMMIT
INSERT INTO TXUSER VALUES('LoicFery@email.com',NULL,'$2a$10$amw5x2j4UyqaRKeOYjRfguCVufGYa25uctooxJnhFsudEa9hh72.S',0)
INSERT INTO XUSER_ROLES VALUES('LoicFery@email.com','USER')
COMMIT
INSERT INTO TPERSON VALUES(6,'2000-04-06','Bastien','Feraud','BastienFeraud@email.com','password',0,'www.web.com',3)
ALTER SEQUENCE PUBLIC.HIBERNATE_SEQUENCE RESTART WITH 7
COMMIT
INSERT INTO TXUSER VALUES('BastienFeraud@email.com',NULL,'$2a$10$zr0wgg3mb8zETJUTcMjA6uz163kZOIT0tv0oYEMTqzAOCJO4do.8O',0)
INSERT INTO XUSER_ROLES VALUES('BastienFeraud@email.com','USER')
COMMIT
INSERT INTO TPERSON VALUES(7,'1980-10-15','Alain','Dal-Molin','AlainDalMolin@email.com','password',0,'',4)
ALTER SEQUENCE PUBLIC.HIBERNATE_SEQUENCE RESTART WITH 8
COMMIT
INSERT INTO TXUSER VALUES('AlainDalMolin@email.com',NULL,'$2a$10$ztAmIV6Bu2UXC9R.i.tS..OmCBnNo8gzx0MuZ5RpxwFGHU/JysvoG',0)
INSERT INTO XUSER_ROLES VALUES('AlainDalMolin@email.com','USER')
COMMIT
INSERT INTO TPERSON VALUES(8,'1988-01-01','Amine','Hamri','AmineHamri@email.com','password',0,'',3)
ALTER SEQUENCE PUBLIC.HIBERNATE_SEQUENCE RESTART WITH 9
COMMIT
INSERT INTO TXUSER VALUES('AmineHamri@email.com',NULL,'$2a$10$8Y3HnninZpTYTH8vxLOIp.GN3PS0bzmFJnE/1sbWhHD9sSh6wgzba',0)
INSERT INTO XUSER_ROLES VALUES('AmineHamri@email.com','USER')
COMMIT
INSERT INTO TPERSON VALUES(9,'1947-04-22','Desire','Breton','DesireBreton@email.com','password',0,'',3)
ALTER SEQUENCE PUBLIC.HIBERNATE_SEQUENCE RESTART WITH 10
COMMIT
INSERT INTO TXUSER VALUES('DesireBreton@email.com',NULL,'$2a$10$Ie68fvyvCokiedj3sXiXEOs4CzEQHLTe61vtyTvNH60NCIIu6.bQG',0)
INSERT INTO XUSER_ROLES VALUES('DesireBreton@email.com','USER')
COMMIT
INSERT INTO TPERSON VALUES(10,'1981-03-20','Aurore','Charpie','AuroreCharpie@email.com','password',0,'InventionSpecialist.fr',1)
ALTER SEQUENCE PUBLIC.HIBERNATE_SEQUENCE RESTART WITH 11
COMMIT
INSERT INTO TXUSER VALUES('AuroreCharpie@email.com',NULL,'$2a$10$I9GznwtoabY1lHveAisyJuyowVPPEVVdCPqu1/.O8tlwLy1VZDXg.',0)
INSERT INTO XUSER_ROLES VALUES('AuroreCharpie@email.com','USER')
COMMIT
INSERT INTO TPERSON VALUES(11,'1971-06-17','Odo','Dupuis','OdoDupuis@email.com','password',0,'TechCelebrity.fr',1)
ALTER SEQUENCE PUBLIC.HIBERNATE_SEQUENCE RESTART WITH 12
COMMIT
INSERT INTO TXUSER VALUES('OdoDupuis@email.com',NULL,'$2a$10$7cQ6mX4rU2CDgwIgRA9jpeSIdypqsXnJpqlZzH3j0me0DyNrNVn1u',0)
INSERT INTO XUSER_ROLES VALUES('OdoDupuis@email.com','USER')
COMMIT
INSERT INTO TPERSON VALUES(12,'1983-05-26','Raoul','Laframboise','RaoulLaframboise@email.com','password',0,'Alizat.fr',1)
ALTER SEQUENCE PUBLIC.HIBERNATE_SEQUENCE RESTART WITH 13
COMMIT
INSERT INTO TXUSER VALUES('RaoulLaframboise@email.com',NULL,'$2a$10$92yhRkiLr/ADT/QPv4F7oeH1Z9MKNtkrYitqPi.HroJqfg/cdy2zC',0)
INSERT INTO XUSER_ROLES VALUES('RaoulLaframboise@email.com','USER')
COMMIT
INSERT INTO TPERSON VALUES(13,'1993-02-04','Oc\u00e9ane','Sauriol','OceaneSauriol@email.com','password',0,'TalentMenu.fr',3)
ALTER SEQUENCE PUBLIC.HIBERNATE_SEQUENCE RESTART WITH 14
COMMIT
INSERT INTO TXUSER VALUES('OceaneSauriol@email.com',NULL,'$2a$10$s.sYBuHY6KiRFMlBaSePjuT8u4s9KeTzZlq94mjufflNUUWv5S5Ae',0)
INSERT INTO XUSER_ROLES VALUES('OceaneSauriol@email.com','USER')
COMMIT
INSERT INTO TPERSON VALUES(14,'1968-08-10','Pascaline','Hughes','PascalineHughes@email.com','password',0,'TelevisionSplitters.fr',3)
ALTER SEQUENCE PUBLIC.HIBERNATE_SEQUENCE RESTART WITH 15
COMMIT
INSERT INTO TXUSER VALUES('PascalineHughes@email.com',NULL,'$2a$10$9yvA72xNTrSyECId64j0x.0xxo958Fexi6dv17Bns60t9wrfIkVLq',0)
INSERT INTO XUSER_ROLES VALUES('PascalineHughes@email.com','USER')
COMMIT
INSERT INTO TPERSON VALUES(15,'1992-10-07','Clothilde','Simard','ClothildeSimard@email.com','password',0,'SoapCandy.fr',1)
ALTER SEQUENCE PUBLIC.HIBERNATE_SEQUENCE RESTART WITH 16
COMMIT
INSERT INTO TXUSER VALUES('ClothildeSimard@email.com',NULL,'$2a$10$OHEUzyQpimm47RjU6yPhR.fZlncbjuOQ4D5Sz1AN4O6XMDPXNSHS6',0)
INSERT INTO XUSER_ROLES VALUES('ClothildeSimard@email.com','USER')
COMMIT
INSERT INTO TPERSON VALUES(16,'1995-06-04','Archaimbau','Lussier','ArchaimbauLussier@email.com','password',0,'ScooterSpecialists.fr',1)
ALTER SEQUENCE PUBLIC.HIBERNATE_SEQUENCE RESTART WITH 17
COMMIT
INSERT INTO TXUSER VALUES('ArchaimbauLussier@email.com',NULL,'$2a$10$Jc7YZ460J5KZ0IumHCi1weFpJlBmpPUR2idj4nXDq2ge0yvQRib/2',0)
INSERT INTO XUSER_ROLES VALUES('ArchaimbauLussier@email.com','USER')
COMMIT
INSERT INTO TPERSON VALUES(17,'1939-06-16','Cammile','Sauvv\u00e9','CammileSauve@email.com','password',0,'PreTree.fr',2)
ALTER SEQUENCE PUBLIC.HIBERNATE_SEQUENCE RESTART WITH 18
COMMIT
INSERT INTO TXUSER VALUES('CammileSauve@email.com',NULL,'$2a$10$0EzRgJKCPzcaTLi.mRl.J.enk3evGINKkpYBmO2iXRneXgJiyKGyy',0)
INSERT INTO XUSER_ROLES VALUES('CammileSauve@email.com','USER')
COMMIT
INSERT INTO TPERSON VALUES(18,'1971-03-18','Tearlach','Tisserand','TearlachTisserand@email.com','password',0,'KnoxvilleWebhost.fr',3)
ALTER SEQUENCE PUBLIC.HIBERNATE_SEQUENCE RESTART WITH 19
COMMIT
INSERT INTO TXUSER VALUES('TearlachTisserand@email.com',NULL,'$2a$10$JElyxeMwRME2UeIgllrjzO7CFobi7TEVKqX00McQDBJoQM9saznfq',0)
INSERT INTO XUSER_ROLES VALUES('TearlachTisserand@email.com','USER')
COMMIT
INSERT INTO TPERSON VALUES(19,'1964-11-17','Javier','M\u00e9nard','JavierMenard@email.com','password',0,'EvilSister.fr',2)
ALTER SEQUENCE PUBLIC.HIBERNATE_SEQUENCE RESTART WITH 20
COMMIT
INSERT INTO TXUSER VALUES('JavierMenard@email.com',NULL,'$2a$10$avSiQBCohSpKe46Mi0yx5ePLqjU6cc9X.4TDV7G0TfyAxeOXlr4X6',0)
INSERT INTO XUSER_ROLES VALUES('JavierMenard@email.com','USER')
COMMIT
INSERT INTO TPERSON VALUES(20,'1960-12-04','Fantina','Morel','FantinaMorel@email.com','password',0,'LacrosseRugby.fr',4)
ALTER SEQUENCE PUBLIC.HIBERNATE_SEQUENCE RESTART WITH 21
COMMIT
INSERT INTO TXUSER VALUES('FantinaMorel@email.com',NULL,'$2a$10$5rAOiclxNg9Qlfh/GZ0SleQFX1jrt.y9t1.tsX67oEbwsWoVtHxva',0)
INSERT INTO XUSER_ROLES VALUES('FantinaMorel@email.com','USER')
COMMIT
INSERT INTO TPERSON VALUES(21,'1998-07-16','Vachel','Dupont','VachelDupont@email.com','password',0,'BarRank.fr',1)
ALTER SEQUENCE PUBLIC.HIBERNATE_SEQUENCE RESTART WITH 22
COMMIT
INSERT INTO TXUSER VALUES('VachelDupont@email.com',NULL,'$2a$10$I0KB39bzyeFTCVhhTIxevunT85b4azxlNxjPVB/5WPrPpEND.ObeS',0)
INSERT INTO XUSER_ROLES VALUES('VachelDupont@email.com','USER')
COMMIT
INSERT INTO TPERSON VALUES(22,'1971-04-19','Victoire','Rivard','VictoireRivard@email.com','password',0,'ProspectingTeam.fr',3)
ALTER SEQUENCE PUBLIC.HIBERNATE_SEQUENCE RESTART WITH 23
COMMIT
INSERT INTO TXUSER VALUES('VictoireRivard@email.com',NULL,'$2a$10$Vk5PuCICaKQkwk4slVZqqOEu4/bAa3uhECOLTHEtr/tqSJYPLRxRe',0)
INSERT INTO XUSER_ROLES VALUES('VictoireRivard@email.com','USER')
COMMIT
INSERT INTO TPERSON VALUES(23,'1977-10-02','Denise','Chauvin','DeniseChauvin@email.com','password',0,'NewsTutorial.fr',2)
ALTER SEQUENCE PUBLIC.HIBERNATE_SEQUENCE RESTART WITH 24
COMMIT
INSERT INTO TXUSER VALUES('DeniseChauvin@email.com',NULL,'$2a$10$FOJqEt16oDd7UCiJ0t4NJuDQrGZN1nvS0/R5nVTNOpOJsRQTThuDu',0)
INSERT INTO XUSER_ROLES VALUES('DeniseChauvin@email.com','USER')
COMMIT
INSERT INTO TPERSON VALUES(24,'1955-05-11','Marine','Angelier','MarineLAngelier@email.com','password',0,'DanceSync.fr',1)
ALTER SEQUENCE PUBLIC.HIBERNATE_SEQUENCE RESTART WITH 25
COMMIT
INSERT INTO TXUSER VALUES('MarineLAngelier@email.com',NULL,'$2a$10$XsP/dTBaOVYDzGRIerZgT.YbJvlnRhwmUqMgew7RKJhaMFDtS1kZW',0)
INSERT INTO XUSER_ROLES VALUES('MarineLAngelier@email.com','USER')
COMMIT
INSERT INTO TPERSON VALUES(25,'2001-07-08','Gr\u00e9goire','Brousseau','GregoireBrousseau@email.com','password',0,'FindSkins.fr',3)
ALTER SEQUENCE PUBLIC.HIBERNATE_SEQUENCE RESTART WITH 26
COMMIT
INSERT INTO TXUSER VALUES('GregoireBrousseau@email.com',NULL,'$2a$10$pJSHUZRGKr3lNtYoAaV9WuX81wxw6/u2LHQuYu7W./N5NPFuJMehm',0)
INSERT INTO XUSER_ROLES VALUES('GregoireBrousseau@email.com','USER')
COMMIT
INSERT INTO TPERSON VALUES(26,'1947-01-18','Iven','Brisette','IvenBrisette@email.com','password',0,'PokerClues.fr',1)
ALTER SEQUENCE PUBLIC.HIBERNATE_SEQUENCE RESTART WITH 27
COMMIT
INSERT INTO TXUSER VALUES('IvenBrisette@email.com',NULL,'$2a$10$KlqUQsd4f2k3QburQN2NEOORfYsOO0zXaWPoaD.Qyrw9UQuBKcFbW',0)
INSERT INTO XUSER_ROLES VALUES('IvenBrisette@email.com','USER')
COMMIT
INSERT INTO TPERSON VALUES(27,'1954-08-01','Cinderella','Beauchesne','CinderellaBeauchesne@email.com','password',0,'ReadyHD.fr',2)
ALTER SEQUENCE PUBLIC.HIBERNATE_SEQUENCE RESTART WITH 28
COMMIT
INSERT INTO TXUSER VALUES('CinderellaBeauchesne@email.com',NULL,'$2a$10$Xj3.TRRjynHVCaAca22apunfOVThHXBqDdeIXaxsK9i.Ah8c9BWDq',0)
INSERT INTO XUSER_ROLES VALUES('CinderellaBeauchesne@email.com','USER')
COMMIT
INSERT INTO TPERSON VALUES(28,'1988-06-01','Trinette','Frappier','TrinetteFrappier@email.com','password',0,'DevelopFuel.fr',4)
ALTER SEQUENCE PUBLIC.HIBERNATE_SEQUENCE RESTART WITH 29
COMMIT
INSERT INTO TXUSER VALUES('TrinetteFrappier@email.com',NULL,'$2a$10$5h7O8I38FpAOceSxhJq.3OjFaUYA5FELXJ7AOlrVmozCjLsTahhAi',0)
INSERT INTO XUSER_ROLES VALUES('TrinetteFrappier@email.com','USER')
COMMIT
INSERT INTO TPERSON VALUES(29,'1949-08-26','Paigne','Cantin','PaigeCantin@email.com','password',0,'FreelanceAgreement.fr',1)
ALTER SEQUENCE PUBLIC.HIBERNATE_SEQUENCE RESTART WITH 30
COMMIT
INSERT INTO TXUSER VALUES('PaigeCantin@email.com',NULL,'$2a$10$5UglPhCjw5/JsjJGTlcFzuIMsKRZAN2xNOTFU1k7OOf73qP.miSpC',0)
INSERT INTO XUSER_ROLES VALUES('PaigeCantin@email.com','USER')
COMMIT
INSERT INTO TPERSON VALUES(30,'1966-02-14','Chappell','Turcotte','ChappellTurcotte@email.com','password',0,'MakeJam.fr',1)
ALTER SEQUENCE PUBLIC.HIBERNATE_SEQUENCE RESTART WITH 31
COMMIT
INSERT INTO TXUSER VALUES('ChappellTurcotte@email.com',NULL,'$2a$10$4sLkaGrbXXXYEzd2uxIYpOEui3L4AjSft4QbKU1s0JYVmeDcLSqPq',0)
INSERT INTO XUSER_ROLES VALUES('ChappellTurcotte@email.com','USER')
COMMIT
INSERT INTO TPERSON VALUES(31,'1944-06-02','Claudette','Laforest','ClaudetteLaforest@email.com','password',0,'MicroVerify.fr',1)
ALTER SEQUENCE PUBLIC.HIBERNATE_SEQUENCE RESTART WITH 32
COMMIT
INSERT INTO TXUSER VALUES('ClaudetteLaforest@email.com',NULL,'$2a$10$FCqPYUvuQtZ74ISfWCGfDuRc2VgkNUmCo7gC5unq7k7lf8dfoy2IG',0)
INSERT INTO XUSER_ROLES VALUES('ClaudetteLaforest@email.com','USER')
COMMIT
INSERT INTO TPERSON VALUES(32,'1987-09-13','Fr\u00e9d\u00e9rique','Vincent','FrederiqueVincent@email.com','password',0,'SpaRules.fr',2)
ALTER SEQUENCE PUBLIC.HIBERNATE_SEQUENCE RESTART WITH 33
COMMIT
INSERT INTO TXUSER VALUES('FrederiqueVincent@email.com',NULL,'$2a$10$HZN/ADNClw3erLnenRvcre0oi9F2Zbb6oA1Y1QdQz5Qt2Husbjz0y',0)
INSERT INTO XUSER_ROLES VALUES('FrederiqueVincent@email.com','USER')
COMMIT
INSERT INTO TPERSON VALUES(33,'1996-05-19','Latitia','Gagnon','LaetitiaGagnon@email.com','password',0,'ChatTickets.fr',2)
ALTER SEQUENCE PUBLIC.HIBERNATE_SEQUENCE RESTART WITH 34
COMMIT
INSERT INTO TXUSER VALUES('LaetitiaGagnon@email.com',NULL,'$2a$10$kS2LPQ3PLoFNM/qWpFy98uet6Njbn5KQZU8dt3VLyCV50/fuKPBvC',0)
INSERT INTO XUSER_ROLES VALUES('LaetitiaGagnon@email.com','USER')
COMMIT
INSERT INTO TPERSON VALUES(34,'1981-07-06','Raine','Tougas','RainaTougas@email.com','password',0,'RugSafe.fr',4)
ALTER SEQUENCE PUBLIC.HIBERNATE_SEQUENCE RESTART WITH 35
COMMIT
INSERT INTO TXUSER VALUES('RainaTougas@email.com',NULL,'$2a$10$zwndoluSdY9qc4vuObxxh.sp9rO8Dt7GFX9CxI/zdA6WGk5xrkJHC',0)
INSERT INTO XUSER_ROLES VALUES('RainaTougas@email.com','USER')
COMMIT
INSERT INTO TPERSON VALUES(35,'1946-01-29','Mandel','Courtois','MandelCourtois@email.com','password',0,'MaleWeekend.fr',4)
ALTER SEQUENCE PUBLIC.HIBERNATE_SEQUENCE RESTART WITH 36
COMMIT
INSERT INTO TXUSER VALUES('MandelCourtois@email.com',NULL,'$2a$10$oh.e/feAun49OF9Hs.X92Ox68gbpylh2Hps17GTYX6iHNpJAo0fpK',0)
INSERT INTO XUSER_ROLES VALUES('MandelCourtois@email.com','USER')
COMMIT
INSERT INTO TPERSON VALUES(36,'1980-06-20','Ila','Simon','IlaSimon@email.com','password',0,'DashboardTalk.fr',2)
ALTER SEQUENCE PUBLIC.HIBERNATE_SEQUENCE RESTART WITH 37
COMMIT
INSERT INTO TXUSER VALUES('IlaSimon@email.com',NULL,'$2a$10$dbALwd3q6emiYyZHkhOit.XSZaoTYyog6Y3PLdToftglbc.tsdLge',0)
INSERT INTO XUSER_ROLES VALUES('IlaSimon@email.com','USER')
COMMIT
INSERT INTO TPERSON VALUES(37,'1952-08-07','S\u00e9bastien','Poirier','SebastienPoirier@email.com','password',0,'ReunionBusiness.fr',4)
ALTER SEQUENCE PUBLIC.HIBERNATE_SEQUENCE RESTART WITH 38
COMMIT
INSERT INTO TXUSER VALUES('SebastienPoirier@email.com',NULL,'$2a$10$8vbSgRr3NXq.a6VPr2d3VeF0Fm87tPB4AniHLaof04QMotH80Wlam',0)
INSERT INTO XUSER_ROLES VALUES('SebastienPoirier@email.com','USER')
COMMIT
INSERT INTO TPERSON VALUES(38,'1980-11-05','Ranger','Leclair','RangerLeclair@email.com','password',0,'RushResource.fr',3)
ALTER SEQUENCE PUBLIC.HIBERNATE_SEQUENCE RESTART WITH 39
COMMIT
INSERT INTO TXUSER VALUES('RangerLeclair@email.com',NULL,'$2a$10$ZjVhztDFDv.ybxbITcEFSuEhOV/3LMQCl8OPEqr9plqjUtcFmpT46',0)
INSERT INTO XUSER_ROLES VALUES('RangerLeclair@email.com','USER')
COMMIT
INSERT INTO TPERSON VALUES(39,'1951-03-10','Alexandre','Laram\u00e9e','AlexandreLaramee@email.com','password',0,'MaternityMoments.fr',3)
ALTER SEQUENCE PUBLIC.HIBERNATE_SEQUENCE RESTART WITH 40
COMMIT
INSERT INTO TXUSER VALUES('AlexandreLaramee@email.com',NULL,'$2a$10$TKDJiqqKYxsQqGoUDmTL4ettReXHqT1tw2aODdQA.afJ9iqJ7671q',0)
INSERT INTO XUSER_ROLES VALUES('AlexandreLaramee@email.com','USER')
COMMIT
INSERT INTO TPERSON VALUES(40,'1970-11-03','Brunella','Brousseau','BrunellaBrousseau@email.com','password',0,'BangNames.fr',2)
ALTER SEQUENCE PUBLIC.HIBERNATE_SEQUENCE RESTART WITH 41
COMMIT
INSERT INTO TXUSER VALUES('BrunellaBrousseau@email.com',NULL,'$2a$10$u0h9ItecZnqJVqvxvYC17edbjLKfNXtu588K.8tMC4rCROyhS34ue',0)
INSERT INTO XUSER_ROLES VALUES('BrunellaBrousseau@email.com','USER')
COMMIT
INSERT INTO TPERSON VALUES(41,'1959-07-24','Latimer','Charette','LatimerCharette@email.com','password',0,'ValleyShows.fr',3)
ALTER SEQUENCE PUBLIC.HIBERNATE_SEQUENCE RESTART WITH 42
COMMIT
INSERT INTO TXUSER VALUES('LatimerCharette@email.com',NULL,'$2a$10$m/9N1C71D8IsD2gFUCUyyeP1HgOYGk6PF09mgOhXkzOgzubjzu3MW',0)
INSERT INTO XUSER_ROLES VALUES('LatimerCharette@email.com','USER')
COMMIT
INSERT INTO TPERSON VALUES(42,'1977-10-21','Lotye','Therriault','LotyeTherriault@email.com','password',0,'ParentingCounselor.fr',4)
ALTER SEQUENCE PUBLIC.HIBERNATE_SEQUENCE RESTART WITH 43
COMMIT
INSERT INTO TXUSER VALUES('LotyeTherriault@email.com',NULL,'$2a$10$DwiBDcPohn8rH8K052zdO.SKAJpPfp7PRAuaqauvB8SegQiJ9pUte',0)
INSERT INTO XUSER_ROLES VALUES('LotyeTherriault@email.com','USER')
COMMIT
INSERT INTO TPERSON VALUES(43,'1972-06-20','Hamilton','Bisson','HamiltonBisson@email.com','password',0,'RobotMarketing.fr',3)
ALTER SEQUENCE PUBLIC.HIBERNATE_SEQUENCE RESTART WITH 44
COMMIT
INSERT INTO TXUSER VALUES('HamiltonBisson@email.com',NULL,'$2a$10$.6.Xt4/z1asiq0y4QFZX6e9y7wdqC7F092kln/ARbySxRTLs2XkvG',0)
INSERT INTO XUSER_ROLES VALUES('HamiltonBisson@email.com','USER')
COMMIT
INSERT INTO TPERSON VALUES(44,'1940-10-26','Maurelle','Montminy','MaurelleMontminy@email.com','password',0,'SocialChronicle.fr',2)
ALTER SEQUENCE PUBLIC.HIBERNATE_SEQUENCE RESTART WITH 45
COMMIT
INSERT INTO TXUSER VALUES('MaurelleMontminy@email.com',NULL,'$2a$10$ki8bIdSPdaShuCAZRKb0HOe.VCNUhEOlIQfdf.GT3AOCobvDnSbGa',0)
INSERT INTO XUSER_ROLES VALUES('MaurelleMontminy@email.com','USER')
COMMIT
INSERT INTO TXUSER VALUES('bastien@email.com',NULL,'$2a$10$30XSzckPcuvjV80hWyPcVeiw4291F9S9PpfWjEZDg1vIbTCZ9qFea',0)
INSERT INTO XUSER_ROLES VALUES('bastien@email.com','USER')
COMMIT
INSERT INTO TXUSER VALUES('aaa',NULL,'$2a$10$sZj03ATl8wN5F8sPunPZJuTFTqasI5MHC9LtfH6z.w2vEFZOwubbe',0)
INSERT INTO XUSER_ROLES VALUES('aaa','USER')
INSERT INTO XUSER_ROLES VALUES('aaa','ADMIN')
COMMIT
INSERT INTO TXUSER VALUES('loic@email.com',NULL,'$2a$10$nUYchuSJHH/g2rUYx444.OE4AenS97IMVFhGlAD.uM5VxpHZuG5BS',0)
INSERT INTO XUSER_ROLES VALUES('loic@email.com','USER')
INSERT INTO XUSER_ROLES VALUES('loic@email.com','ADMIN')
COMMIT
drop table if exists tgroup CASCADE 
drop table if exists tperson CASCADE 
drop table if exists txuser CASCADE 
drop table if exists xuser_roles CASCADE 
drop sequence hibernate_sequence if exists
DISCONNECT
/*C3*/SET SCHEMA PUBLIC
DISCONNECT
/*C4*/SET SCHEMA PUBLIC
DISCONNECT
/*C5*/SET SCHEMA PUBLIC
DISCONNECT
/*C6*/SET SCHEMA PUBLIC
DISCONNECT
/*C7*/SET SCHEMA PUBLIC
DISCONNECT
/*C8*/SET SCHEMA PUBLIC
DISCONNECT
/*C9*/SET SCHEMA PUBLIC
DISCONNECT
/*C10*/SET SCHEMA PUBLIC
DISCONNECT
/*C11*/SET SCHEMA PUBLIC
DISCONNECT
